<?xml version="1.0" encoding="UTF-8"?>
<!-- Generated by org.testng.reporters.JUnitXMLReporter -->
<testsuite hostname="hp-PC" ignored="0" name="Test" tests="4" failures="0" timestamp="04 Jan 2018 08:41:32 GMT" time="16.668" errors="0">
  <testcase name="Executetestcase" time="3.325" classname="MainTest.Testcase_DataProvider"/>
  <testcase name="Executetestcase" time="2.642" classname="MainTest.Testcase_DataProvider"/>
  <testcase name="Executetestcase" time="2.778" classname="MainTest.Testcase_DataProvider"/>
  <testcase name="Executetestcase" time="2.67" classname="MainTest.Testcase_DataProvider"/>
</testsuite> <!-- Test -->
