<?xml version="1.0" encoding="UTF-8"?>
<testng-results skipped="0" failed="0" ignored="0" total="1" passed="1">
  <reporter-output>
  </reporter-output>
  <suite name="Suite" duration-ms="14948" started-at="2018-02-24T06:44:51Z" finished-at="2018-02-24T06:45:06Z">
    <groups>
    </groups>
    <test name="Testcase" duration-ms="14948" started-at="2018-02-24T06:44:51Z" finished-at="2018-02-24T06:45:06Z">
      <class name="MainTest.Testcase">
        <test-method status="PASS" signature="LaunchWebsite(java.lang.String)[pri:0, instance:MainTest.Testcase@482f8f11]" name="LaunchWebsite" is-config="true" duration-ms="11432" started-at="2018-02-24T12:14:51Z" finished-at="2018-02-24T12:15:03Z">
          <params>
            <param index="0">
              <value>
                <![CDATA[CHROME]]>
              </value>
            </param>
          </params>
          <reporter-output>
          </reporter-output>
        </test-method> <!-- LaunchWebsite -->
        <test-method status="PASS" signature="Executetestcase(java.lang.String, java.lang.String)[pri:0, instance:MainTest.Testcase@482f8f11]" name="Executetestcase" duration-ms="3458" started-at="2018-02-24T12:15:03Z" finished-at="2018-02-24T12:15:06Z">
          <params>
            <param index="0">
              <value>
                <![CDATA[mngr111570]]>
              </value>
            </param>
            <param index="1">
              <value>
                <![CDATA[besehUb]]>
              </value>
            </param>
          </params>
          <reporter-output>
          </reporter-output>
        </test-method> <!-- Executetestcase -->
      </class> <!-- MainTest.Testcase -->
    </test> <!-- Testcase -->
  </suite> <!-- Suite -->
</testng-results>
